[2024-08-29 23:21:42] local.ERROR: Database file at path [P:\CURSOS\laracast-courses\30_days_laravel\pixel_positions\database\database.sqlite] does not exist. Ensure this is an absolute path to the database. (Connection: sqlite, SQL: select name from sqlite_master where type = 'table' and name not like 'sqlite_%' order by name) {"exception":"[object] (Illuminate\\Database\\QueryException(code: 0): Database file at path [P:\\CURSOS\\laracast-courses\\30_days_laravel\\pixel_positions\\database\\database.sqlite] does not exist. Ensure this is an absolute path to the database. (Connection: sqlite, SQL: select name from sqlite_master where type = 'table' and name not like 'sqlite_%' order by name) at P:\\CURSOS\\laracast-courses\\30_days_laravel\\pixel-position\\vendor\\laravel\\framework\\src\\Illuminate\\Database\\Connection.php:825)
[stacktrace]
#0 P:\\CURSOS\\laracast-courses\\30_days_laravel\\pixel-position\\vendor\\laravel\\framework\\src\\Illuminate\\Database\\Connection.php(779): Illuminate\\Database\\Connection->runQueryCallback()
#1 P:\\CURSOS\\laracast-courses\\30_days_laravel\\pixel-position\\vendor\\laravel\\framework\\src\\Illuminate\\Database\\Connection.php(398): Illuminate\\Database\\Connection->run()
#2 P:\\CURSOS\\laracast-courses\\30_days_laravel\\pixel-position\\vendor\\laravel\\framework\\src\\Illuminate\\Database\\Connection.php(385): Illuminate\\Database\\Connection->select()
#3 P:\\CURSOS\\laracast-courses\\30_days_laravel\\pixel-position\\vendor\\laravel\\framework\\src\\Illuminate\\Database\\Schema\\SQLiteBuilder.php(51): Illuminate\\Database\\Connection->selectFromWriteConnection()
#4 P:\\CURSOS\\laracast-courses\\30_days_laravel\\pixel-position\\vendor\\laravel\\framework\\src\\Illuminate\\Database\\Schema\\Builder.php(148): Illuminate\\Database\\Schema\\SQLiteBuilder->getTables()
#5 P:\\CURSOS\\laracast-courses\\30_days_laravel\\pixel-position\\vendor\\laravel\\framework\\src\\Illuminate\\Database\\Migrations\\DatabaseMigrationRepository.php(184): Illuminate\\Database\\Schema\\Builder->hasTable()
#6 P:\\CURSOS\\laracast-courses\\30_days_laravel\\pixel-position\\vendor\\laravel\\framework\\src\\Illuminate\\Database\\Migrations\\Migrator.php(680): Illuminate\\Database\\Migrations\\DatabaseMigrationRepository->repositoryExists()
#7 P:\\CURSOS\\laracast-courses\\30_days_laravel\\pixel-position\\vendor\\laravel\\framework\\src\\Illuminate\\Database\\Console\\Migrations\\MigrateCommand.php(164): Illuminate\\Database\\Migrations\\Migrator->repositoryExists()
#8 P:\\CURSOS\\laracast-courses\\30_days_laravel\\pixel-position\\vendor\\laravel\\framework\\src\\Illuminate\\Support\\helpers.php(319): Illuminate\\Database\\Console\\Migrations\\MigrateCommand->Illuminate\\Database\\Console\\Migrations\\{closure}()
#9 P:\\CURSOS\\laracast-courses\\30_days_laravel\\pixel-position\\vendor\\laravel\\framework\\src\\Illuminate\\Database\\Console\\Migrations\\MigrateCommand.php(164): retry()
#10 P:\\CURSOS\\laracast-courses\\30_days_laravel\\pixel-position\\vendor\\laravel\\framework\\src\\Illuminate\\Database\\Console\\Migrations\\MigrateCommand.php(140): Illuminate\\Database\\Console\\Migrations\\MigrateCommand->repositoryExists()
#11 P:\\CURSOS\\laracast-courses\\30_days_laravel\\pixel-position\\vendor\\laravel\\framework\\src\\Illuminate\\Database\\Console\\Migrations\\MigrateCommand.php(110): Illuminate\\Database\\Console\\Migrations\\MigrateCommand->prepareDatabase()
#12 P:\\CURSOS\\laracast-courses\\30_days_laravel\\pixel-position\\vendor\\laravel\\framework\\src\\Illuminate\\Database\\Migrations\\Migrator.php(615): Illuminate\\Database\\Console\\Migrations\\MigrateCommand->Illuminate\\Database\\Console\\Migrations\\{closure}()
#13 P:\\CURSOS\\laracast-courses\\30_days_laravel\\pixel-position\\vendor\\laravel\\framework\\src\\Illuminate\\Database\\Console\\Migrations\\MigrateCommand.php(109): Illuminate\\Database\\Migrations\\Migrator->usingConnection()
#14 P:\\CURSOS\\laracast-courses\\30_days_laravel\\pixel-position\\vendor\\laravel\\framework\\src\\Illuminate\\Database\\Console\\Migrations\\MigrateCommand.php(88): Illuminate\\Database\\Console\\Migrations\\MigrateCommand->runMigrations()
#15 P:\\CURSOS\\laracast-courses\\30_days_laravel\\pixel-position\\vendor\\laravel\\framework\\src\\Illuminate\\Container\\BoundMethod.php(36): Illuminate\\Database\\Console\\Migrations\\MigrateCommand->handle()
#16 P:\\CURSOS\\laracast-courses\\30_days_laravel\\pixel-position\\vendor\\laravel\\framework\\src\\Illuminate\\Container\\Util.php(43): Illuminate\\Container\\BoundMethod::Illuminate\\Container\\{closure}()
#17 P:\\CURSOS\\laracast-courses\\30_days_laravel\\pixel-position\\vendor\\laravel\\framework\\src\\Illuminate\\Container\\BoundMethod.php(95): Illuminate\\Container\\Util::unwrapIfClosure()
#18 P:\\CURSOS\\laracast-courses\\30_days_laravel\\pixel-position\\vendor\\laravel\\framework\\src\\Illuminate\\Container\\BoundMethod.php(35): Illuminate\\Container\\BoundMethod::callBoundMethod()
#19 P:\\CURSOS\\laracast-courses\\30_days_laravel\\pixel-position\\vendor\\laravel\\framework\\src\\Illuminate\\Container\\Container.php(690): Illuminate\\Container\\BoundMethod::call()
#20 P:\\CURSOS\\laracast-courses\\30_days_laravel\\pixel-position\\vendor\\laravel\\framework\\src\\Illuminate\\Console\\Command.php(213): Illuminate\\Container\\Container->call()
#21 P:\\CURSOS\\laracast-courses\\30_days_laravel\\pixel-position\\vendor\\symfony\\console\\Command\\Command.php(279): Illuminate\\Console\\Command->execute()
#22 P:\\CURSOS\\laracast-courses\\30_days_laravel\\pixel-position\\vendor\\laravel\\framework\\src\\Illuminate\\Console\\Command.php(182): Symfony\\Component\\Console\\Command\\Command->run()
#23 P:\\CURSOS\\laracast-courses\\30_days_laravel\\pixel-position\\vendor\\symfony\\console\\Application.php(1047): Illuminate\\Console\\Command->run()
#24 P:\\CURSOS\\laracast-courses\\30_days_laravel\\pixel-position\\vendor\\symfony\\console\\Application.php(316): Symfony\\Component\\Console\\Application->doRunCommand()
#25 P:\\CURSOS\\laracast-courses\\30_days_laravel\\pixel-position\\vendor\\symfony\\console\\Application.php(167): Symfony\\Component\\Console\\Application->doRun()
#26 P:\\CURSOS\\laracast-courses\\30_days_laravel\\pixel-position\\vendor\\laravel\\framework\\src\\Illuminate\\Foundation\\Console\\Kernel.php(197): Symfony\\Component\\Console\\Application->run()
#27 P:\\CURSOS\\laracast-courses\\30_days_laravel\\pixel-position\\vendor\\laravel\\framework\\src\\Illuminate\\Foundation\\Application.php(1203): Illuminate\\Foundation\\Console\\Kernel->handle()
#28 P:\\CURSOS\\laracast-courses\\30_days_laravel\\pixel-position\\artisan(13): Illuminate\\Foundation\\Application->handleCommand()
#29 {main}

[previous exception] [object] (Illuminate\\Database\\SQLiteDatabaseDoesNotExistException(code: 0): Database file at path [P:\\CURSOS\\laracast-courses\\30_days_laravel\\pixel_positions\\database\\database.sqlite] does not exist. Ensure this is an absolute path to the database. at P:\\CURSOS\\laracast-courses\\30_days_laravel\\pixel-position\\vendor\\laravel\\framework\\src\\Illuminate\\Database\\Connectors\\SQLiteConnector.php:34)
[stacktrace]
#0 P:\\CURSOS\\laracast-courses\\30_days_laravel\\pixel-position\\vendor\\laravel\\framework\\src\\Illuminate\\Database\\Connectors\\ConnectionFactory.php(224): Illuminate\\Database\\Connectors\\SQLiteConnector->connect()
#1 [internal function]: Illuminate\\Database\\Connectors\\ConnectionFactory->Illuminate\\Database\\Connectors\\{closure}()
#2 P:\\CURSOS\\laracast-courses\\30_days_laravel\\pixel-position\\vendor\\laravel\\framework\\src\\Illuminate\\Database\\Connection.php(1231): call_user_func()
#3 P:\\CURSOS\\laracast-courses\\30_days_laravel\\pixel-position\\vendor\\laravel\\framework\\src\\Illuminate\\Database\\Connection.php(512): Illuminate\\Database\\Connection->getPdo()
#4 P:\\CURSOS\\laracast-courses\\30_days_laravel\\pixel-position\\vendor\\laravel\\framework\\src\\Illuminate\\Database\\Connection.php(407): Illuminate\\Database\\Connection->getPdoForSelect()
#5 P:\\CURSOS\\laracast-courses\\30_days_laravel\\pixel-position\\vendor\\laravel\\framework\\src\\Illuminate\\Database\\Connection.php(812): Illuminate\\Database\\Connection->Illuminate\\Database\\{closure}()
#6 P:\\CURSOS\\laracast-courses\\30_days_laravel\\pixel-position\\vendor\\laravel\\framework\\src\\Illuminate\\Database\\Connection.php(779): Illuminate\\Database\\Connection->runQueryCallback()
#7 P:\\CURSOS\\laracast-courses\\30_days_laravel\\pixel-position\\vendor\\laravel\\framework\\src\\Illuminate\\Database\\Connection.php(398): Illuminate\\Database\\Connection->run()
#8 P:\\CURSOS\\laracast-courses\\30_days_laravel\\pixel-position\\vendor\\laravel\\framework\\src\\Illuminate\\Database\\Connection.php(385): Illuminate\\Database\\Connection->select()
#9 P:\\CURSOS\\laracast-courses\\30_days_laravel\\pixel-position\\vendor\\laravel\\framework\\src\\Illuminate\\Database\\Schema\\SQLiteBuilder.php(51): Illuminate\\Database\\Connection->selectFromWriteConnection()
#10 P:\\CURSOS\\laracast-courses\\30_days_laravel\\pixel-position\\vendor\\laravel\\framework\\src\\Illuminate\\Database\\Schema\\Builder.php(148): Illuminate\\Database\\Schema\\SQLiteBuilder->getTables()
#11 P:\\CURSOS\\laracast-courses\\30_days_laravel\\pixel-position\\vendor\\laravel\\framework\\src\\Illuminate\\Database\\Migrations\\DatabaseMigrationRepository.php(184): Illuminate\\Database\\Schema\\Builder->hasTable()
#12 P:\\CURSOS\\laracast-courses\\30_days_laravel\\pixel-position\\vendor\\laravel\\framework\\src\\Illuminate\\Database\\Migrations\\Migrator.php(680): Illuminate\\Database\\Migrations\\DatabaseMigrationRepository->repositoryExists()
#13 P:\\CURSOS\\laracast-courses\\30_days_laravel\\pixel-position\\vendor\\laravel\\framework\\src\\Illuminate\\Database\\Console\\Migrations\\MigrateCommand.php(164): Illuminate\\Database\\Migrations\\Migrator->repositoryExists()
#14 P:\\CURSOS\\laracast-courses\\30_days_laravel\\pixel-position\\vendor\\laravel\\framework\\src\\Illuminate\\Support\\helpers.php(319): Illuminate\\Database\\Console\\Migrations\\MigrateCommand->Illuminate\\Database\\Console\\Migrations\\{closure}()
#15 P:\\CURSOS\\laracast-courses\\30_days_laravel\\pixel-position\\vendor\\laravel\\framework\\src\\Illuminate\\Database\\Console\\Migrations\\MigrateCommand.php(164): retry()
#16 P:\\CURSOS\\laracast-courses\\30_days_laravel\\pixel-position\\vendor\\laravel\\framework\\src\\Illuminate\\Database\\Console\\Migrations\\MigrateCommand.php(140): Illuminate\\Database\\Console\\Migrations\\MigrateCommand->repositoryExists()
#17 P:\\CURSOS\\laracast-courses\\30_days_laravel\\pixel-position\\vendor\\laravel\\framework\\src\\Illuminate\\Database\\Console\\Migrations\\MigrateCommand.php(110): Illuminate\\Database\\Console\\Migrations\\MigrateCommand->prepareDatabase()
#18 P:\\CURSOS\\laracast-courses\\30_days_laravel\\pixel-position\\vendor\\laravel\\framework\\src\\Illuminate\\Database\\Migrations\\Migrator.php(615): Illuminate\\Database\\Console\\Migrations\\MigrateCommand->Illuminate\\Database\\Console\\Migrations\\{closure}()
#19 P:\\CURSOS\\laracast-courses\\30_days_laravel\\pixel-position\\vendor\\laravel\\framework\\src\\Illuminate\\Database\\Console\\Migrations\\MigrateCommand.php(109): Illuminate\\Database\\Migrations\\Migrator->usingConnection()
#20 P:\\CURSOS\\laracast-courses\\30_days_laravel\\pixel-position\\vendor\\laravel\\framework\\src\\Illuminate\\Database\\Console\\Migrations\\MigrateCommand.php(88): Illuminate\\Database\\Console\\Migrations\\MigrateCommand->runMigrations()
#21 P:\\CURSOS\\laracast-courses\\30_days_laravel\\pixel-position\\vendor\\laravel\\framework\\src\\Illuminate\\Container\\BoundMethod.php(36): Illuminate\\Database\\Console\\Migrations\\MigrateCommand->handle()
#22 P:\\CURSOS\\laracast-courses\\30_days_laravel\\pixel-position\\vendor\\laravel\\framework\\src\\Illuminate\\Container\\Util.php(43): Illuminate\\Container\\BoundMethod::Illuminate\\Container\\{closure}()
#23 P:\\CURSOS\\laracast-courses\\30_days_laravel\\pixel-position\\vendor\\laravel\\framework\\src\\Illuminate\\Container\\BoundMethod.php(95): Illuminate\\Container\\Util::unwrapIfClosure()
#24 P:\\CURSOS\\laracast-courses\\30_days_laravel\\pixel-position\\vendor\\laravel\\framework\\src\\Illuminate\\Container\\BoundMethod.php(35): Illuminate\\Container\\BoundMethod::callBoundMethod()
#25 P:\\CURSOS\\laracast-courses\\30_days_laravel\\pixel-position\\vendor\\laravel\\framework\\src\\Illuminate\\Container\\Container.php(690): Illuminate\\Container\\BoundMethod::call()
#26 P:\\CURSOS\\laracast-courses\\30_days_laravel\\pixel-position\\vendor\\laravel\\framework\\src\\Illuminate\\Console\\Command.php(213): Illuminate\\Container\\Container->call()
#27 P:\\CURSOS\\laracast-courses\\30_days_laravel\\pixel-position\\vendor\\symfony\\console\\Command\\Command.php(279): Illuminate\\Console\\Command->execute()
#28 P:\\CURSOS\\laracast-courses\\30_days_laravel\\pixel-position\\vendor\\laravel\\framework\\src\\Illuminate\\Console\\Command.php(182): Symfony\\Component\\Console\\Command\\Command->run()
#29 P:\\CURSOS\\laracast-courses\\30_days_laravel\\pixel-position\\vendor\\symfony\\console\\Application.php(1047): Illuminate\\Console\\Command->run()
#30 P:\\CURSOS\\laracast-courses\\30_days_laravel\\pixel-position\\vendor\\symfony\\console\\Application.php(316): Symfony\\Component\\Console\\Application->doRunCommand()
#31 P:\\CURSOS\\laracast-courses\\30_days_laravel\\pixel-position\\vendor\\symfony\\console\\Application.php(167): Symfony\\Component\\Console\\Application->doRun()
#32 P:\\CURSOS\\laracast-courses\\30_days_laravel\\pixel-position\\vendor\\laravel\\framework\\src\\Illuminate\\Foundation\\Console\\Kernel.php(197): Symfony\\Component\\Console\\Application->run()
#33 P:\\CURSOS\\laracast-courses\\30_days_laravel\\pixel-position\\vendor\\laravel\\framework\\src\\Illuminate\\Foundation\\Application.php(1203): Illuminate\\Foundation\\Console\\Kernel->handle()
#34 P:\\CURSOS\\laracast-courses\\30_days_laravel\\pixel-position\\artisan(13): Illuminate\\Foundation\\Application->handleCommand()
#35 {main}
"} 
